[0.780s] Invoking command in '/home/anushka/assn_1_ROS2/src/package': PYTHONPATH=/home/anushka/assn_1_ROS2/build/package/prefix_override:/home/anushka/assn_1_ROS2/install/package/lib/python3.10/site-packages:${PYTHONPATH} /usr/bin/python3 setup.py egg_info --egg-base ../../build/package build --build-base /home/anushka/assn_1_ROS2/build/package/build install --record /home/anushka/assn_1_ROS2/build/package/install.log --single-version-externally-managed
[0.977s] running egg_info
[0.978s] writing ../../build/package/package.egg-info/PKG-INFO
[0.978s] writing dependency_links to ../../build/package/package.egg-info/dependency_links.txt
[0.978s] writing entry points to ../../build/package/package.egg-info/entry_points.txt
[0.978s] writing requirements to ../../build/package/package.egg-info/requires.txt
[0.978s] writing top-level names to ../../build/package/package.egg-info/top_level.txt
[0.980s] reading manifest file '../../build/package/package.egg-info/SOURCES.txt'
[0.980s] writing manifest file '../../build/package/package.egg-info/SOURCES.txt'
[0.980s] running build
[0.981s] running build_py
[0.981s] copying package/sub.py -> /home/anushka/assn_1_ROS2/build/package/build/lib/package
[0.981s] running install
[0.981s] running install_lib
[0.981s] copying /home/anushka/assn_1_ROS2/build/package/build/lib/package/sub.py -> /home/anushka/assn_1_ROS2/install/package/lib/python3.10/site-packages/package
[0.982s] byte-compiling /home/anushka/assn_1_ROS2/install/package/lib/python3.10/site-packages/package/sub.py to sub.cpython-310.pyc
[0.982s] running install_data
[0.983s] running install_egg_info
[0.984s] removing '/home/anushka/assn_1_ROS2/install/package/lib/python3.10/site-packages/package-0.0.0-py3.10.egg-info' (and everything under it)
[0.984s] Copying ../../build/package/package.egg-info to /home/anushka/assn_1_ROS2/install/package/lib/python3.10/site-packages/package-0.0.0-py3.10.egg-info
[0.985s] running install_scripts
[1.000s] Installing pub script to /home/anushka/assn_1_ROS2/install/package/lib/package
[1.000s] Installing sub script to /home/anushka/assn_1_ROS2/install/package/lib/package
[1.001s] writing list of installed files to '/home/anushka/assn_1_ROS2/build/package/install.log'
[1.028s] Invoked command in '/home/anushka/assn_1_ROS2/src/package' returned '0': PYTHONPATH=/home/anushka/assn_1_ROS2/build/package/prefix_override:/home/anushka/assn_1_ROS2/install/package/lib/python3.10/site-packages:${PYTHONPATH} /usr/bin/python3 setup.py egg_info --egg-base ../../build/package build --build-base /home/anushka/assn_1_ROS2/build/package/build install --record /home/anushka/assn_1_ROS2/build/package/install.log --single-version-externally-managed
