[0.797s] Invoking command in '/home/anushka/assn_1_ROS2/src/package': PYTHONPATH=/home/anushka/assn_1_ROS2/build/package/prefix_override:/home/anushka/assn_1_ROS2/install/package/lib/python3.10/site-packages:${PYTHONPATH} /usr/bin/python3 setup.py egg_info --egg-base ../../build/package build --build-base /home/anushka/assn_1_ROS2/build/package/build install --record /home/anushka/assn_1_ROS2/build/package/install.log --single-version-externally-managed
[1.006s] running egg_info
[1.006s] writing ../../build/package/package.egg-info/PKG-INFO
[1.007s] writing dependency_links to ../../build/package/package.egg-info/dependency_links.txt
[1.007s] writing entry points to ../../build/package/package.egg-info/entry_points.txt
[1.007s] writing requirements to ../../build/package/package.egg-info/requires.txt
[1.007s] writing top-level names to ../../build/package/package.egg-info/top_level.txt
[1.009s] reading manifest file '../../build/package/package.egg-info/SOURCES.txt'
[1.009s] writing manifest file '../../build/package/package.egg-info/SOURCES.txt'
[1.010s] running build
[1.010s] running build_py
[1.010s] copying package/pub.py -> /home/anushka/assn_1_ROS2/build/package/build/lib/package
[1.010s] running install
[1.010s] running install_lib
[1.011s] copying /home/anushka/assn_1_ROS2/build/package/build/lib/package/pub.py -> /home/anushka/assn_1_ROS2/install/package/lib/python3.10/site-packages/package
[1.011s] byte-compiling /home/anushka/assn_1_ROS2/install/package/lib/python3.10/site-packages/package/pub.py to pub.cpython-310.pyc
[1.012s] running install_data
[1.012s] running install_egg_info
[1.014s] removing '/home/anushka/assn_1_ROS2/install/package/lib/python3.10/site-packages/package-0.0.0-py3.10.egg-info' (and everything under it)
[1.014s] Copying ../../build/package/package.egg-info to /home/anushka/assn_1_ROS2/install/package/lib/python3.10/site-packages/package-0.0.0-py3.10.egg-info
[1.015s] running install_scripts
[1.033s] Installing pub script to /home/anushka/assn_1_ROS2/install/package/lib/package
[1.034s] Installing sub script to /home/anushka/assn_1_ROS2/install/package/lib/package
[1.034s] writing list of installed files to '/home/anushka/assn_1_ROS2/build/package/install.log'
[1.091s] Invoked command in '/home/anushka/assn_1_ROS2/src/package' returned '0': PYTHONPATH=/home/anushka/assn_1_ROS2/build/package/prefix_override:/home/anushka/assn_1_ROS2/install/package/lib/python3.10/site-packages:${PYTHONPATH} /usr/bin/python3 setup.py egg_info --egg-base ../../build/package build --build-base /home/anushka/assn_1_ROS2/build/package/build install --record /home/anushka/assn_1_ROS2/build/package/install.log --single-version-externally-managed
