[0.677s] Invoking command in '/home/anushka/assn_1_ROS2/src/package': PYTHONPATH=/home/anushka/assn_1_ROS2/build/package/prefix_override:/home/anushka/assn_1_ROS2/install/package/lib/python3.10/site-packages:${PYTHONPATH} /usr/bin/python3 setup.py egg_info --egg-base ../../build/package build --build-base /home/anushka/assn_1_ROS2/build/package/build install --record /home/anushka/assn_1_ROS2/build/package/install.log --single-version-externally-managed
[0.877s] running egg_info
[0.877s] writing ../../build/package/package.egg-info/PKG-INFO
[0.877s] writing dependency_links to ../../build/package/package.egg-info/dependency_links.txt
[0.878s] writing entry points to ../../build/package/package.egg-info/entry_points.txt
[0.878s] writing requirements to ../../build/package/package.egg-info/requires.txt
[0.878s] writing top-level names to ../../build/package/package.egg-info/top_level.txt
[0.879s] reading manifest file '../../build/package/package.egg-info/SOURCES.txt'
[0.880s] writing manifest file '../../build/package/package.egg-info/SOURCES.txt'
[0.880s] running build
[0.880s] running build_py
[0.880s] copying package/sub.py -> /home/anushka/assn_1_ROS2/build/package/build/lib/package
[0.881s] running install
[0.881s] running install_lib
[0.881s] copying /home/anushka/assn_1_ROS2/build/package/build/lib/package/sub.py -> /home/anushka/assn_1_ROS2/install/package/lib/python3.10/site-packages/package
[0.881s] byte-compiling /home/anushka/assn_1_ROS2/install/package/lib/python3.10/site-packages/package/sub.py to sub.cpython-310.pyc
[0.881s] running install_data
[0.882s] running install_egg_info
[0.883s] removing '/home/anushka/assn_1_ROS2/install/package/lib/python3.10/site-packages/package-0.0.0-py3.10.egg-info' (and everything under it)
[0.883s] Copying ../../build/package/package.egg-info to /home/anushka/assn_1_ROS2/install/package/lib/python3.10/site-packages/package-0.0.0-py3.10.egg-info
[0.884s] running install_scripts
[0.900s] Installing pub script to /home/anushka/assn_1_ROS2/install/package/lib/package
[0.900s] Installing sub script to /home/anushka/assn_1_ROS2/install/package/lib/package
[0.900s] writing list of installed files to '/home/anushka/assn_1_ROS2/build/package/install.log'
[0.928s] Invoked command in '/home/anushka/assn_1_ROS2/src/package' returned '0': PYTHONPATH=/home/anushka/assn_1_ROS2/build/package/prefix_override:/home/anushka/assn_1_ROS2/install/package/lib/python3.10/site-packages:${PYTHONPATH} /usr/bin/python3 setup.py egg_info --egg-base ../../build/package build --build-base /home/anushka/assn_1_ROS2/build/package/build install --record /home/anushka/assn_1_ROS2/build/package/install.log --single-version-externally-managed
