running egg_info
creating ../../build/package/package.egg-info
writing ../../build/package/package.egg-info/PKG-INFO
writing dependency_links to ../../build/package/package.egg-info/dependency_links.txt
writing entry points to ../../build/package/package.egg-info/entry_points.txt
writing requirements to ../../build/package/package.egg-info/requires.txt
writing top-level names to ../../build/package/package.egg-info/top_level.txt
writing manifest file '../../build/package/package.egg-info/SOURCES.txt'
reading manifest file '../../build/package/package.egg-info/SOURCES.txt'
writing manifest file '../../build/package/package.egg-info/SOURCES.txt'
running build
running build_py
creating /home/anushka/assn_1_ROS2/build/package/build
creating /home/anushka/assn_1_ROS2/build/package/build/lib
creating /home/anushka/assn_1_ROS2/build/package/build/lib/package
copying package/__init__.py -> /home/anushka/assn_1_ROS2/build/package/build/lib/package
copying package/sub.py -> /home/anushka/assn_1_ROS2/build/package/build/lib/package
copying package/pub.py -> /home/anushka/assn_1_ROS2/build/package/build/lib/package
running install
running install_lib
creating /home/anushka/assn_1_ROS2/install/package/lib/python3.10/site-packages/package
copying /home/anushka/assn_1_ROS2/build/package/build/lib/package/__init__.py -> /home/anushka/assn_1_ROS2/install/package/lib/python3.10/site-packages/package
copying /home/anushka/assn_1_ROS2/build/package/build/lib/package/sub.py -> /home/anushka/assn_1_ROS2/install/package/lib/python3.10/site-packages/package
copying /home/anushka/assn_1_ROS2/build/package/build/lib/package/pub.py -> /home/anushka/assn_1_ROS2/install/package/lib/python3.10/site-packages/package
byte-compiling /home/anushka/assn_1_ROS2/install/package/lib/python3.10/site-packages/package/__init__.py to __init__.cpython-310.pyc
byte-compiling /home/anushka/assn_1_ROS2/install/package/lib/python3.10/site-packages/package/sub.py to sub.cpython-310.pyc
byte-compiling /home/anushka/assn_1_ROS2/install/package/lib/python3.10/site-packages/package/pub.py to pub.cpython-310.pyc
running install_data
creating /home/anushka/assn_1_ROS2/install/package/share/ament_index
creating /home/anushka/assn_1_ROS2/install/package/share/ament_index/resource_index
creating /home/anushka/assn_1_ROS2/install/package/share/ament_index/resource_index/packages
copying resource/package -> /home/anushka/assn_1_ROS2/install/package/share/ament_index/resource_index/packages
copying package.xml -> /home/anushka/assn_1_ROS2/install/package/share/package
running install_egg_info
Copying ../../build/package/package.egg-info to /home/anushka/assn_1_ROS2/install/package/lib/python3.10/site-packages/package-0.0.0-py3.10.egg-info
running install_scripts
Installing pub script to /home/anushka/assn_1_ROS2/install/package/lib/package
Installing sub script to /home/anushka/assn_1_ROS2/install/package/lib/package
writing list of installed files to '/home/anushka/assn_1_ROS2/build/package/install.log'
