[0.856s] Invoking command in '/home/anushka/assn_1_ROS2/src/package': PYTHONPATH=/home/anushka/assn_1_ROS2/build/package/prefix_override:/home/anushka/assn_1_ROS2/install/package/lib/python3.10/site-packages:${PYTHONPATH} /usr/bin/python3 setup.py egg_info --egg-base ../../build/package build --build-base /home/anushka/assn_1_ROS2/build/package/build install --record /home/anushka/assn_1_ROS2/build/package/install.log --single-version-externally-managed
[1.067s] running egg_info
[1.068s] creating ../../build/package/package.egg-info
[1.068s] writing ../../build/package/package.egg-info/PKG-INFO
[1.068s] writing dependency_links to ../../build/package/package.egg-info/dependency_links.txt
[1.068s] writing entry points to ../../build/package/package.egg-info/entry_points.txt
[1.069s] writing requirements to ../../build/package/package.egg-info/requires.txt
[1.069s] writing top-level names to ../../build/package/package.egg-info/top_level.txt
[1.069s] writing manifest file '../../build/package/package.egg-info/SOURCES.txt'
[1.070s] reading manifest file '../../build/package/package.egg-info/SOURCES.txt'
[1.070s] writing manifest file '../../build/package/package.egg-info/SOURCES.txt'
[1.071s] running build
[1.071s] running build_py
[1.071s] creating /home/anushka/assn_1_ROS2/build/package/build
[1.071s] creating /home/anushka/assn_1_ROS2/build/package/build/lib
[1.072s] creating /home/anushka/assn_1_ROS2/build/package/build/lib/package
[1.072s] copying package/__init__.py -> /home/anushka/assn_1_ROS2/build/package/build/lib/package
[1.072s] copying package/sub.py -> /home/anushka/assn_1_ROS2/build/package/build/lib/package
[1.072s] copying package/pub.py -> /home/anushka/assn_1_ROS2/build/package/build/lib/package
[1.072s] running install
[1.072s] running install_lib
[1.072s] creating /home/anushka/assn_1_ROS2/install/package/lib/python3.10/site-packages/package
[1.073s] copying /home/anushka/assn_1_ROS2/build/package/build/lib/package/__init__.py -> /home/anushka/assn_1_ROS2/install/package/lib/python3.10/site-packages/package
[1.073s] copying /home/anushka/assn_1_ROS2/build/package/build/lib/package/sub.py -> /home/anushka/assn_1_ROS2/install/package/lib/python3.10/site-packages/package
[1.073s] copying /home/anushka/assn_1_ROS2/build/package/build/lib/package/pub.py -> /home/anushka/assn_1_ROS2/install/package/lib/python3.10/site-packages/package
[1.073s] byte-compiling /home/anushka/assn_1_ROS2/install/package/lib/python3.10/site-packages/package/__init__.py to __init__.cpython-310.pyc
[1.073s] byte-compiling /home/anushka/assn_1_ROS2/install/package/lib/python3.10/site-packages/package/sub.py to sub.cpython-310.pyc
[1.074s] byte-compiling /home/anushka/assn_1_ROS2/install/package/lib/python3.10/site-packages/package/pub.py to pub.cpython-310.pyc
[1.074s] running install_data
[1.074s] creating /home/anushka/assn_1_ROS2/install/package/share/ament_index
[1.074s] creating /home/anushka/assn_1_ROS2/install/package/share/ament_index/resource_index
[1.074s] creating /home/anushka/assn_1_ROS2/install/package/share/ament_index/resource_index/packages
[1.075s] copying resource/package -> /home/anushka/assn_1_ROS2/install/package/share/ament_index/resource_index/packages
[1.075s] copying package.xml -> /home/anushka/assn_1_ROS2/install/package/share/package
[1.075s] running install_egg_info
[1.076s] Copying ../../build/package/package.egg-info to /home/anushka/assn_1_ROS2/install/package/lib/python3.10/site-packages/package-0.0.0-py3.10.egg-info
[1.076s] running install_scripts
[1.096s] Installing pub script to /home/anushka/assn_1_ROS2/install/package/lib/package
[1.096s] Installing sub script to /home/anushka/assn_1_ROS2/install/package/lib/package
[1.096s] writing list of installed files to '/home/anushka/assn_1_ROS2/build/package/install.log'
[1.152s] Invoked command in '/home/anushka/assn_1_ROS2/src/package' returned '0': PYTHONPATH=/home/anushka/assn_1_ROS2/build/package/prefix_override:/home/anushka/assn_1_ROS2/install/package/lib/python3.10/site-packages:${PYTHONPATH} /usr/bin/python3 setup.py egg_info --egg-base ../../build/package build --build-base /home/anushka/assn_1_ROS2/build/package/build install --record /home/anushka/assn_1_ROS2/build/package/install.log --single-version-externally-managed
